<?xml version="1.0" encoding="UTF-8"?>
<testsuite xmlns:xsi="http://www.w3.org/2001/XMLSchema-instance" xsi:noNamespaceSchemaLocation="https://maven.apache.org/surefire/maven-surefire-plugin/xsd/surefire-test-report.xsd" name="com.atguigu.springboot.SpringBoot02ConfigApplicationTests" time="5.008" tests="2" errors="0" skipped="0" failures="0">
  <properties>
    <property name="sun.desktop" value="gnome"/>
    <property name="awt.toolkit" value="sun.awt.X11.XToolkit"/>
    <property name="file.encoding.pkg" value="sun.io"/>
    <property name="java.specification.version" value="1.8"/>
    <property name="sun.cpu.isalist" value=""/>
    <property name="sun.jnu.encoding" value="UTF-8"/>
    <property name="java.class.path" value="/usr/local/idea-program/spring-boot-02-config/target/test-classes:/usr/local/idea-program/spring-boot-02-config/target/classes:/usr/local/maven/maven-localRepository/org/springframework/boot/spring-boot-starter-web/2.0.3.RELEASE/spring-boot-starter-web-2.0.3.RELEASE.jar:/usr/local/maven/maven-localRepository/org/springframework/boot/spring-boot-starter/2.0.3.RELEASE/spring-boot-starter-2.0.3.RELEASE.jar:/usr/local/maven/maven-localRepository/org/springframework/boot/spring-boot/2.0.3.RELEASE/spring-boot-2.0.3.RELEASE.jar:/usr/local/maven/maven-localRepository/org/springframework/boot/spring-boot-autoconfigure/2.0.3.RELEASE/spring-boot-autoconfigure-2.0.3.RELEASE.jar:/usr/local/maven/maven-localRepository/org/springframework/boot/spring-boot-starter-logging/2.0.3.RELEASE/spring-boot-starter-logging-2.0.3.RELEASE.jar:/usr/local/maven/maven-localRepository/ch/qos/logback/logback-classic/1.2.3/logback-classic-1.2.3.jar:/usr/local/maven/maven-localRepository/ch/qos/logback/logback-core/1.2.3/logback-core-1.2.3.jar:/usr/local/maven/maven-localRepository/org/apache/logging/log4j/log4j-to-slf4j/2.10.0/log4j-to-slf4j-2.10.0.jar:/usr/local/maven/maven-localRepository/org/apache/logging/log4j/log4j-api/2.10.0/log4j-api-2.10.0.jar:/usr/local/maven/maven-localRepository/org/slf4j/jul-to-slf4j/1.7.25/jul-to-slf4j-1.7.25.jar:/usr/local/maven/maven-localRepository/javax/annotation/javax.annotation-api/1.3.2/javax.annotation-api-1.3.2.jar:/usr/local/maven/maven-localRepository/org/yaml/snakeyaml/1.19/snakeyaml-1.19.jar:/usr/local/maven/maven-localRepository/org/springframework/boot/spring-boot-starter-json/2.0.3.RELEASE/spring-boot-starter-json-2.0.3.RELEASE.jar:/usr/local/maven/maven-localRepository/com/fasterxml/jackson/core/jackson-databind/2.9.6/jackson-databind-2.9.6.jar:/usr/local/maven/maven-localRepository/com/fasterxml/jackson/core/jackson-annotations/2.9.0/jackson-annotations-2.9.0.jar:/usr/local/maven/maven-localRepository/com/fasterxml/jackson/core/jackson-core/2.9.6/jackson-core-2.9.6.jar:/usr/local/maven/maven-localRepository/com/fasterxml/jackson/datatype/jackson-datatype-jdk8/2.9.6/jackson-datatype-jdk8-2.9.6.jar:/usr/local/maven/maven-localRepository/com/fasterxml/jackson/datatype/jackson-datatype-jsr310/2.9.6/jackson-datatype-jsr310-2.9.6.jar:/usr/local/maven/maven-localRepository/com/fasterxml/jackson/module/jackson-module-parameter-names/2.9.6/jackson-module-parameter-names-2.9.6.jar:/usr/local/maven/maven-localRepository/org/springframework/boot/spring-boot-starter-tomcat/2.0.3.RELEASE/spring-boot-starter-tomcat-2.0.3.RELEASE.jar:/usr/local/maven/maven-localRepository/org/apache/tomcat/embed/tomcat-embed-core/8.5.31/tomcat-embed-core-8.5.31.jar:/usr/local/maven/maven-localRepository/org/apache/tomcat/embed/tomcat-embed-el/8.5.31/tomcat-embed-el-8.5.31.jar:/usr/local/maven/maven-localRepository/org/apache/tomcat/embed/tomcat-embed-websocket/8.5.31/tomcat-embed-websocket-8.5.31.jar:/usr/local/maven/maven-localRepository/org/hibernate/validator/hibernate-validator/6.0.10.Final/hibernate-validator-6.0.10.Final.jar:/usr/local/maven/maven-localRepository/javax/validation/validation-api/2.0.1.Final/validation-api-2.0.1.Final.jar:/usr/local/maven/maven-localRepository/org/jboss/logging/jboss-logging/3.3.2.Final/jboss-logging-3.3.2.Final.jar:/usr/local/maven/maven-localRepository/com/fasterxml/classmate/1.3.4/classmate-1.3.4.jar:/usr/local/maven/maven-localRepository/org/springframework/spring-web/5.0.7.RELEASE/spring-web-5.0.7.RELEASE.jar:/usr/local/maven/maven-localRepository/org/springframework/spring-beans/5.0.7.RELEASE/spring-beans-5.0.7.RELEASE.jar:/usr/local/maven/maven-localRepository/org/springframework/spring-webmvc/5.0.7.RELEASE/spring-webmvc-5.0.7.RELEASE.jar:/usr/local/maven/maven-localRepository/org/springframework/spring-aop/5.0.7.RELEASE/spring-aop-5.0.7.RELEASE.jar:/usr/local/maven/maven-localRepository/org/springframework/spring-context/5.0.7.RELEASE/spring-context-5.0.7.RELEASE.jar:/usr/local/maven/maven-localRepository/org/springframework/spring-expression/5.0.7.RELEASE/spring-expression-5.0.7.RELEASE.jar:/usr/local/maven/maven-localRepository/org/springframework/boot/spring-boot-configuration-processor/2.0.3.RELEASE/spring-boot-configuration-processor-2.0.3.RELEASE.jar:/usr/local/maven/maven-localRepository/org/springframework/boot/spring-boot-starter-test/2.0.3.RELEASE/spring-boot-starter-test-2.0.3.RELEASE.jar:/usr/local/maven/maven-localRepository/org/springframework/boot/spring-boot-test/2.0.3.RELEASE/spring-boot-test-2.0.3.RELEASE.jar:/usr/local/maven/maven-localRepository/org/springframework/boot/spring-boot-test-autoconfigure/2.0.3.RELEASE/spring-boot-test-autoconfigure-2.0.3.RELEASE.jar:/usr/local/maven/maven-localRepository/com/jayway/jsonpath/json-path/2.4.0/json-path-2.4.0.jar:/usr/local/maven/maven-localRepository/net/minidev/json-smart/2.3/json-smart-2.3.jar:/usr/local/maven/maven-localRepository/net/minidev/accessors-smart/1.2/accessors-smart-1.2.jar:/usr/local/maven/maven-localRepository/org/ow2/asm/asm/5.0.4/asm-5.0.4.jar:/usr/local/maven/maven-localRepository/org/slf4j/slf4j-api/1.7.25/slf4j-api-1.7.25.jar:/usr/local/maven/maven-localRepository/junit/junit/4.12/junit-4.12.jar:/usr/local/maven/maven-localRepository/org/assertj/assertj-core/3.9.1/assertj-core-3.9.1.jar:/usr/local/maven/maven-localRepository/org/mockito/mockito-core/2.15.0/mockito-core-2.15.0.jar:/usr/local/maven/maven-localRepository/net/bytebuddy/byte-buddy/1.7.11/byte-buddy-1.7.11.jar:/usr/local/maven/maven-localRepository/net/bytebuddy/byte-buddy-agent/1.7.11/byte-buddy-agent-1.7.11.jar:/usr/local/maven/maven-localRepository/org/objenesis/objenesis/2.6/objenesis-2.6.jar:/usr/local/maven/maven-localRepository/org/hamcrest/hamcrest-core/1.3/hamcrest-core-1.3.jar:/usr/local/maven/maven-localRepository/org/hamcrest/hamcrest-library/1.3/hamcrest-library-1.3.jar:/usr/local/maven/maven-localRepository/org/skyscreamer/jsonassert/1.5.0/jsonassert-1.5.0.jar:/usr/local/maven/maven-localRepository/com/vaadin/external/google/android-json/0.0.20131108.vaadin1/android-json-0.0.20131108.vaadin1.jar:/usr/local/maven/maven-localRepository/org/springframework/spring-core/5.0.7.RELEASE/spring-core-5.0.7.RELEASE.jar:/usr/local/maven/maven-localRepository/org/springframework/spring-jcl/5.0.7.RELEASE/spring-jcl-5.0.7.RELEASE.jar:/usr/local/maven/maven-localRepository/org/springframework/spring-test/5.0.7.RELEASE/spring-test-5.0.7.RELEASE.jar:/usr/local/maven/maven-localRepository/org/xmlunit/xmlunit-core/2.5.1/xmlunit-core-2.5.1.jar:"/>
    <property name="java.vm.vendor" value="Oracle Corporation"/>
    <property name="sun.arch.data.model" value="64"/>
    <property name="java.vendor.url" value="http://java.oracle.com/"/>
    <property name="user.timezone" value=""/>
    <property name="java.vm.specification.version" value="1.8"/>
    <property name="os.name" value="Linux"/>
    <property name="user.country" value="CN"/>
    <property name="sun.java.launcher" value="SUN_STANDARD"/>
    <property name="sun.boot.library.path" value="/usr/local/jdk1.8/jre/lib/amd64"/>
    <property name="sun.java.command" value="/usr/local/idea-program/spring-boot-02-config/target/surefire/surefirebooter4514651523511391817.jar /usr/local/idea-program/spring-boot-02-config/target/surefire 2018-07-29T11-15-01_874-jvmRun1 surefire1863851214243274883tmp surefire_06089293380259337166tmp"/>
    <property name="surefire.test.class.path" value="/usr/local/idea-program/spring-boot-02-config/target/test-classes:/usr/local/idea-program/spring-boot-02-config/target/classes:/usr/local/maven/maven-localRepository/org/springframework/boot/spring-boot-starter-web/2.0.3.RELEASE/spring-boot-starter-web-2.0.3.RELEASE.jar:/usr/local/maven/maven-localRepository/org/springframework/boot/spring-boot-starter/2.0.3.RELEASE/spring-boot-starter-2.0.3.RELEASE.jar:/usr/local/maven/maven-localRepository/org/springframework/boot/spring-boot/2.0.3.RELEASE/spring-boot-2.0.3.RELEASE.jar:/usr/local/maven/maven-localRepository/org/springframework/boot/spring-boot-autoconfigure/2.0.3.RELEASE/spring-boot-autoconfigure-2.0.3.RELEASE.jar:/usr/local/maven/maven-localRepository/org/springframework/boot/spring-boot-starter-logging/2.0.3.RELEASE/spring-boot-starter-logging-2.0.3.RELEASE.jar:/usr/local/maven/maven-localRepository/ch/qos/logback/logback-classic/1.2.3/logback-classic-1.2.3.jar:/usr/local/maven/maven-localRepository/ch/qos/logback/logback-core/1.2.3/logback-core-1.2.3.jar:/usr/local/maven/maven-localRepository/org/apache/logging/log4j/log4j-to-slf4j/2.10.0/log4j-to-slf4j-2.10.0.jar:/usr/local/maven/maven-localRepository/org/apache/logging/log4j/log4j-api/2.10.0/log4j-api-2.10.0.jar:/usr/local/maven/maven-localRepository/org/slf4j/jul-to-slf4j/1.7.25/jul-to-slf4j-1.7.25.jar:/usr/local/maven/maven-localRepository/javax/annotation/javax.annotation-api/1.3.2/javax.annotation-api-1.3.2.jar:/usr/local/maven/maven-localRepository/org/yaml/snakeyaml/1.19/snakeyaml-1.19.jar:/usr/local/maven/maven-localRepository/org/springframework/boot/spring-boot-starter-json/2.0.3.RELEASE/spring-boot-starter-json-2.0.3.RELEASE.jar:/usr/local/maven/maven-localRepository/com/fasterxml/jackson/core/jackson-databind/2.9.6/jackson-databind-2.9.6.jar:/usr/local/maven/maven-localRepository/com/fasterxml/jackson/core/jackson-annotations/2.9.0/jackson-annotations-2.9.0.jar:/usr/local/maven/maven-localRepository/com/fasterxml/jackson/core/jackson-core/2.9.6/jackson-core-2.9.6.jar:/usr/local/maven/maven-localRepository/com/fasterxml/jackson/datatype/jackson-datatype-jdk8/2.9.6/jackson-datatype-jdk8-2.9.6.jar:/usr/local/maven/maven-localRepository/com/fasterxml/jackson/datatype/jackson-datatype-jsr310/2.9.6/jackson-datatype-jsr310-2.9.6.jar:/usr/local/maven/maven-localRepository/com/fasterxml/jackson/module/jackson-module-parameter-names/2.9.6/jackson-module-parameter-names-2.9.6.jar:/usr/local/maven/maven-localRepository/org/springframework/boot/spring-boot-starter-tomcat/2.0.3.RELEASE/spring-boot-starter-tomcat-2.0.3.RELEASE.jar:/usr/local/maven/maven-localRepository/org/apache/tomcat/embed/tomcat-embed-core/8.5.31/tomcat-embed-core-8.5.31.jar:/usr/local/maven/maven-localRepository/org/apache/tomcat/embed/tomcat-embed-el/8.5.31/tomcat-embed-el-8.5.31.jar:/usr/local/maven/maven-localRepository/org/apache/tomcat/embed/tomcat-embed-websocket/8.5.31/tomcat-embed-websocket-8.5.31.jar:/usr/local/maven/maven-localRepository/org/hibernate/validator/hibernate-validator/6.0.10.Final/hibernate-validator-6.0.10.Final.jar:/usr/local/maven/maven-localRepository/javax/validation/validation-api/2.0.1.Final/validation-api-2.0.1.Final.jar:/usr/local/maven/maven-localRepository/org/jboss/logging/jboss-logging/3.3.2.Final/jboss-logging-3.3.2.Final.jar:/usr/local/maven/maven-localRepository/com/fasterxml/classmate/1.3.4/classmate-1.3.4.jar:/usr/local/maven/maven-localRepository/org/springframework/spring-web/5.0.7.RELEASE/spring-web-5.0.7.RELEASE.jar:/usr/local/maven/maven-localRepository/org/springframework/spring-beans/5.0.7.RELEASE/spring-beans-5.0.7.RELEASE.jar:/usr/local/maven/maven-localRepository/org/springframework/spring-webmvc/5.0.7.RELEASE/spring-webmvc-5.0.7.RELEASE.jar:/usr/local/maven/maven-localRepository/org/springframework/spring-aop/5.0.7.RELEASE/spring-aop-5.0.7.RELEASE.jar:/usr/local/maven/maven-localRepository/org/springframework/spring-context/5.0.7.RELEASE/spring-context-5.0.7.RELEASE.jar:/usr/local/maven/maven-localRepository/org/springframework/spring-expression/5.0.7.RELEASE/spring-expression-5.0.7.RELEASE.jar:/usr/local/maven/maven-localRepository/org/springframework/boot/spring-boot-configuration-processor/2.0.3.RELEASE/spring-boot-configuration-processor-2.0.3.RELEASE.jar:/usr/local/maven/maven-localRepository/org/springframework/boot/spring-boot-starter-test/2.0.3.RELEASE/spring-boot-starter-test-2.0.3.RELEASE.jar:/usr/local/maven/maven-localRepository/org/springframework/boot/spring-boot-test/2.0.3.RELEASE/spring-boot-test-2.0.3.RELEASE.jar:/usr/local/maven/maven-localRepository/org/springframework/boot/spring-boot-test-autoconfigure/2.0.3.RELEASE/spring-boot-test-autoconfigure-2.0.3.RELEASE.jar:/usr/local/maven/maven-localRepository/com/jayway/jsonpath/json-path/2.4.0/json-path-2.4.0.jar:/usr/local/maven/maven-localRepository/net/minidev/json-smart/2.3/json-smart-2.3.jar:/usr/local/maven/maven-localRepository/net/minidev/accessors-smart/1.2/accessors-smart-1.2.jar:/usr/local/maven/maven-localRepository/org/ow2/asm/asm/5.0.4/asm-5.0.4.jar:/usr/local/maven/maven-localRepository/org/slf4j/slf4j-api/1.7.25/slf4j-api-1.7.25.jar:/usr/local/maven/maven-localRepository/junit/junit/4.12/junit-4.12.jar:/usr/local/maven/maven-localRepository/org/assertj/assertj-core/3.9.1/assertj-core-3.9.1.jar:/usr/local/maven/maven-localRepository/org/mockito/mockito-core/2.15.0/mockito-core-2.15.0.jar:/usr/local/maven/maven-localRepository/net/bytebuddy/byte-buddy/1.7.11/byte-buddy-1.7.11.jar:/usr/local/maven/maven-localRepository/net/bytebuddy/byte-buddy-agent/1.7.11/byte-buddy-agent-1.7.11.jar:/usr/local/maven/maven-localRepository/org/objenesis/objenesis/2.6/objenesis-2.6.jar:/usr/local/maven/maven-localRepository/org/hamcrest/hamcrest-core/1.3/hamcrest-core-1.3.jar:/usr/local/maven/maven-localRepository/org/hamcrest/hamcrest-library/1.3/hamcrest-library-1.3.jar:/usr/local/maven/maven-localRepository/org/skyscreamer/jsonassert/1.5.0/jsonassert-1.5.0.jar:/usr/local/maven/maven-localRepository/com/vaadin/external/google/android-json/0.0.20131108.vaadin1/android-json-0.0.20131108.vaadin1.jar:/usr/local/maven/maven-localRepository/org/springframework/spring-core/5.0.7.RELEASE/spring-core-5.0.7.RELEASE.jar:/usr/local/maven/maven-localRepository/org/springframework/spring-jcl/5.0.7.RELEASE/spring-jcl-5.0.7.RELEASE.jar:/usr/local/maven/maven-localRepository/org/springframework/spring-test/5.0.7.RELEASE/spring-test-5.0.7.RELEASE.jar:/usr/local/maven/maven-localRepository/org/xmlunit/xmlunit-core/2.5.1/xmlunit-core-2.5.1.jar:"/>
    <property name="sun.cpu.endian" value="little"/>
    <property name="user.home" value="/home/oz"/>
    <property name="user.language" value="zh"/>
    <property name="java.specification.vendor" value="Oracle Corporation"/>
    <property name="java.home" value="/usr/local/jdk1.8/jre"/>
    <property name="basedir" value="/usr/local/idea-program/spring-boot-02-config"/>
    <property name="file.separator" value="/"/>
    <property name="line.separator" value="&#10;"/>
    <property name="java.vm.specification.vendor" value="Oracle Corporation"/>
    <property name="java.specification.name" value="Java Platform API Specification"/>
    <property name="java.awt.graphicsenv" value="sun.awt.X11GraphicsEnvironment"/>
    <property name="surefire.real.class.path" value="/usr/local/idea-program/spring-boot-02-config/target/surefire/surefirebooter4514651523511391817.jar"/>
    <property name="sun.boot.class.path" value="/usr/local/jdk1.8/jre/lib/resources.jar:/usr/local/jdk1.8/jre/lib/rt.jar:/usr/local/jdk1.8/jre/lib/sunrsasign.jar:/usr/local/jdk1.8/jre/lib/jsse.jar:/usr/local/jdk1.8/jre/lib/jce.jar:/usr/local/jdk1.8/jre/lib/charsets.jar:/usr/local/jdk1.8/jre/lib/jfr.jar:/usr/local/jdk1.8/jre/classes"/>
    <property name="sun.management.compiler" value="HotSpot 64-Bit Tiered Compilers"/>
    <property name="java.runtime.version" value="1.8.0_181-b13"/>
    <property name="user.name" value="oz"/>
    <property name="path.separator" value=":"/>
    <property name="os.version" value="4.15.0-29-generic"/>
    <property name="java.endorsed.dirs" value="/usr/local/jdk1.8/jre/lib/endorsed"/>
    <property name="java.runtime.name" value="Java(TM) SE Runtime Environment"/>
    <property name="file.encoding" value="UTF-8"/>
    <property name="java.vm.name" value="Java HotSpot(TM) 64-Bit Server VM"/>
    <property name="localRepository" value="/usr/local/maven/maven-localRepository"/>
    <property name="java.vendor.url.bug" value="http://bugreport.sun.com/bugreport/"/>
    <property name="java.io.tmpdir" value="/tmp"/>
    <property name="idea.version" value="2018.1.6"/>
    <property name="java.version" value="1.8.0_181"/>
    <property name="user.dir" value="/usr/local/idea-program/spring-boot-02-config"/>
    <property name="os.arch" value="amd64"/>
    <property name="java.vm.specification.name" value="Java Virtual Machine Specification"/>
    <property name="java.awt.printerjob" value="sun.print.PSPrinterJob"/>
    <property name="sun.os.patch.level" value="unknown"/>
    <property name="java.library.path" value="/usr/java/packages/lib/amd64:/usr/lib64:/lib64:/lib:/usr/lib"/>
    <property name="java.vm.info" value="mixed mode"/>
    <property name="java.vendor" value="Oracle Corporation"/>
    <property name="java.vm.version" value="25.181-b13"/>
    <property name="java.ext.dirs" value="/usr/local/jdk1.8/jre/lib/ext:/usr/java/packages/lib/ext"/>
    <property name="sun.io.unicode.encoding" value="UnicodeLittle"/>
    <property name="maven.repo.local" value="/usr/local/maven/maven-localRepository"/>
    <property name="java.class.version" value="52.0"/>
  </properties>
  <testcase name="testHelloService" classname="com.atguigu.springboot.SpringBoot02ConfigApplicationTests" time="0.076"/>
  <testcase name="contextLoads" classname="com.atguigu.springboot.SpringBoot02ConfigApplicationTests" time="0.007"/>
</testsuite>